This file contains any messages produced by compilers while
running configure, to aid debugging if configure makes a mistake.

It was created by sumo configure 1.1.0, which was
generated by GNU Autoconf 2.69.  Invocation command line was

  $ ./configure 

## --------- ##
## Platform. ##
## --------- ##

hostname = sv870169lx
uname -m = x86_64
uname -r = 4.15.0-43-generic
uname -s = Linux
uname -v = #46~16.04.1-Ubuntu SMP Fri Dec 7 13:31:08 UTC 2018

/usr/bin/uname -p = unknown
/bin/uname -X     = unknown

/bin/arch              = unknown
/usr/bin/arch -k       = unknown
/usr/convex/getsysinfo = unknown
/usr/bin/hostinfo      = unknown
/bin/machine           = unknown
/usr/bin/oslevel       = unknown
/bin/universe          = unknown

PATH: /opt/ros/kinetic/bin
PATH: /home/pxu/bin
PATH: /home/pxu/.local/bin
PATH: /usr/local/sbin
PATH: /usr/local/bin
PATH: /usr/sbin
PATH: /usr/bin
PATH: /sbin
PATH: /bin
PATH: /usr/games
PATH: /usr/local/games
PATH: /snap/bin


## ----------- ##
## Core tests. ##
## ----------- ##

configure:2640: checking build system type
configure:2654: result: x86_64-pc-linux-gnu
configure:2674: checking host system type
configure:2687: result: x86_64-pc-linux-gnu
configure:2707: checking target system type
configure:2720: result: x86_64-pc-linux-gnu
configure:2767: checking for a BSD-compatible install
configure:2835: result: /usr/bin/install -c
configure:2846: checking whether build environment is sane
configure:2901: result: yes
configure:3052: checking for a thread-safe mkdir -p
configure:3091: result: /bin/mkdir -p
configure:3098: checking for gawk
configure:3128: result: no
configure:3098: checking for mawk
configure:3114: found /usr/bin/mawk
configure:3125: result: mawk
configure:3136: checking whether make sets $(MAKE)
configure:3158: result: yes
configure:3187: checking whether make supports nested variables
configure:3204: result: yes
configure:3293: checking whether UID '1002' is supported by ustar format
configure:3296: result: yes
configure:3303: checking whether GID '1002' is supported by ustar format
configure:3306: result: yes
configure:3314: checking how to create a ustar tar archive
configure:3325: tar --version
tar (GNU tar) 1.28
Copyright (C) 2014 Free Software Foundation, Inc.
License GPLv3+: GNU GPL version 3 or later <http://gnu.org/licenses/gpl.html>.
This is free software: you are free to change and redistribute it.
There is NO WARRANTY, to the extent permitted by law.

Written by John Gilmore and Jay Fenlason.
configure:3328: $? = 0
configure:3368: tardir=conftest.dir && eval tar --format=ustar -chf - "$tardir" >conftest.tar
configure:3371: $? = 0
configure:3375: tar -xf - <conftest.tar
configure:3378: $? = 0
configure:3380: cat conftest.dir/file
GrepMe
configure:3383: $? = 0
configure:3396: result: gnutar
configure:3563: checking for gcc
configure:3579: found /usr/bin/gcc
configure:3590: result: gcc
configure:3819: checking for C compiler version
configure:3828: gcc --version >&5
gcc (Ubuntu 5.4.0-6ubuntu1~16.04.11) 5.4.0 20160609
Copyright (C) 2015 Free Software Foundation, Inc.
This is free software; see the source for copying conditions.  There is NO
warranty; not even for MERCHANTABILITY or FITNESS FOR A PARTICULAR PURPOSE.

configure:3839: $? = 0
configure:3828: gcc -v >&5
Using built-in specs.
COLLECT_GCC=gcc
COLLECT_LTO_WRAPPER=/usr/lib/gcc/x86_64-linux-gnu/5/lto-wrapper
Target: x86_64-linux-gnu
Configured with: ../src/configure -v --with-pkgversion='Ubuntu 5.4.0-6ubuntu1~16.04.11' --with-bugurl=file:///usr/share/doc/gcc-5/README.Bugs --enable-languages=c,ada,c++,java,go,d,fortran,objc,obj-c++ --prefix=/usr --program-suffix=-5 --enable-shared --enable-linker-build-id --libexecdir=/usr/lib --without-included-gettext --enable-threads=posix --libdir=/usr/lib --enable-nls --with-sysroot=/ --enable-clocale=gnu --enable-libstdcxx-debug --enable-libstdcxx-time=yes --with-default-libstdcxx-abi=new --enable-gnu-unique-object --disable-vtable-verify --enable-libmpx --enable-plugin --with-system-zlib --disable-browser-plugin --enable-java-awt=gtk --enable-gtk-cairo --with-java-home=/usr/lib/jvm/java-1.5.0-gcj-5-amd64/jre --enable-java-home --with-jvm-root-dir=/usr/lib/jvm/java-1.5.0-gcj-5-amd64 --with-jvm-jar-dir=/usr/lib/jvm-exports/java-1.5.0-gcj-5-amd64 --with-arch-directory=amd64 --with-ecj-jar=/usr/share/java/eclipse-ecj.jar --enable-objc-gc --enable-multiarch --disable-werror --with-arch-32=i686 --with-abi=m64 --with-multilib-list=m32,m64,mx32 --enable-multilib --with-tune=generic --enable-checking=release --build=x86_64-linux-gnu --host=x86_64-linux-gnu --target=x86_64-linux-gnu
Thread model: posix
gcc version 5.4.0 20160609 (Ubuntu 5.4.0-6ubuntu1~16.04.11) 
configure:3839: $? = 0
configure:3828: gcc -V >&5
gcc: error: unrecognized command line option '-V'
gcc: fatal error: no input files
compilation terminated.
configure:3839: $? = 1
configure:3828: gcc -qversion >&5
gcc: error: unrecognized command line option '-qversion'
gcc: fatal error: no input files
compilation terminated.
configure:3839: $? = 1
configure:3859: checking whether the C compiler works
configure:3881: gcc    conftest.c  >&5
configure:3885: $? = 0
configure:3933: result: yes
configure:3936: checking for C compiler default output file name
configure:3938: result: a.out
configure:3944: checking for suffix of executables
configure:3951: gcc -o conftest    conftest.c  >&5
configure:3955: $? = 0
configure:3977: result: 
configure:3999: checking whether we are cross compiling
configure:4007: gcc -o conftest    conftest.c  >&5
configure:4011: $? = 0
configure:4018: ./conftest
configure:4022: $? = 0
configure:4037: result: no
configure:4042: checking for suffix of object files
configure:4064: gcc -c   conftest.c >&5
configure:4068: $? = 0
configure:4089: result: o
configure:4093: checking whether we are using the GNU C compiler
configure:4112: gcc -c   conftest.c >&5
configure:4112: $? = 0
configure:4121: result: yes
configure:4130: checking whether gcc accepts -g
configure:4150: gcc -c -g  conftest.c >&5
configure:4150: $? = 0
configure:4191: result: yes
configure:4208: checking for gcc option to accept ISO C89
configure:4271: gcc  -c -g -O2  conftest.c >&5
configure:4271: $? = 0
configure:4284: result: none needed
configure:4309: checking whether gcc understands -c and -o together
configure:4331: gcc -c conftest.c -o conftest2.o
configure:4334: $? = 0
configure:4331: gcc -c conftest.c -o conftest2.o
configure:4334: $? = 0
configure:4346: result: yes
configure:4374: checking for style of include used by make
configure:4402: result: GNU
configure:4428: checking dependency style of gcc
configure:4539: result: gcc3
configure:4559: checking how to run the C preprocessor
configure:4590: gcc -E  conftest.c
configure:4590: $? = 0
configure:4604: gcc -E  conftest.c
conftest.c:11:28: fatal error: ac_nonexistent.h: No such file or directory
compilation terminated.
configure:4604: $? = 1
configure: failed program was:
| /* confdefs.h */
| #define PACKAGE_NAME "sumo"
| #define PACKAGE_TARNAME "sumo"
| #define PACKAGE_VERSION "1.1.0"
| #define PACKAGE_STRING "sumo 1.1.0"
| #define PACKAGE_BUGREPORT ""
| #define PACKAGE_URL ""
| #define PACKAGE "sumo"
| #define VERSION "1.1.0"
| /* end confdefs.h.  */
| #include <ac_nonexistent.h>
configure:4629: result: gcc -E
configure:4649: gcc -E  conftest.c
configure:4649: $? = 0
configure:4663: gcc -E  conftest.c
conftest.c:11:28: fatal error: ac_nonexistent.h: No such file or directory
compilation terminated.
configure:4663: $? = 1
configure: failed program was:
| /* confdefs.h */
| #define PACKAGE_NAME "sumo"
| #define PACKAGE_TARNAME "sumo"
| #define PACKAGE_VERSION "1.1.0"
| #define PACKAGE_STRING "sumo 1.1.0"
| #define PACKAGE_BUGREPORT ""
| #define PACKAGE_URL ""
| #define PACKAGE "sumo"
| #define VERSION "1.1.0"
| /* end confdefs.h.  */
| #include <ac_nonexistent.h>
configure:4749: checking for g++
configure:4765: found /usr/bin/g++
configure:4776: result: g++
configure:4803: checking for C++ compiler version
configure:4812: g++ --version >&5
g++ (Ubuntu 5.4.0-6ubuntu1~16.04.11) 5.4.0 20160609
Copyright (C) 2015 Free Software Foundation, Inc.
This is free software; see the source for copying conditions.  There is NO
warranty; not even for MERCHANTABILITY or FITNESS FOR A PARTICULAR PURPOSE.

configure:4823: $? = 0
configure:4812: g++ -v >&5
Using built-in specs.
COLLECT_GCC=g++
COLLECT_LTO_WRAPPER=/usr/lib/gcc/x86_64-linux-gnu/5/lto-wrapper
Target: x86_64-linux-gnu
Configured with: ../src/configure -v --with-pkgversion='Ubuntu 5.4.0-6ubuntu1~16.04.11' --with-bugurl=file:///usr/share/doc/gcc-5/README.Bugs --enable-languages=c,ada,c++,java,go,d,fortran,objc,obj-c++ --prefix=/usr --program-suffix=-5 --enable-shared --enable-linker-build-id --libexecdir=/usr/lib --without-included-gettext --enable-threads=posix --libdir=/usr/lib --enable-nls --with-sysroot=/ --enable-clocale=gnu --enable-libstdcxx-debug --enable-libstdcxx-time=yes --with-default-libstdcxx-abi=new --enable-gnu-unique-object --disable-vtable-verify --enable-libmpx --enable-plugin --with-system-zlib --disable-browser-plugin --enable-java-awt=gtk --enable-gtk-cairo --with-java-home=/usr/lib/jvm/java-1.5.0-gcj-5-amd64/jre --enable-java-home --with-jvm-root-dir=/usr/lib/jvm/java-1.5.0-gcj-5-amd64 --with-jvm-jar-dir=/usr/lib/jvm-exports/java-1.5.0-gcj-5-amd64 --with-arch-directory=amd64 --with-ecj-jar=/usr/share/java/eclipse-ecj.jar --enable-objc-gc --enable-multiarch --disable-werror --with-arch-32=i686 --with-abi=m64 --with-multilib-list=m32,m64,mx32 --enable-multilib --with-tune=generic --enable-checking=release --build=x86_64-linux-gnu --host=x86_64-linux-gnu --target=x86_64-linux-gnu
Thread model: posix
gcc version 5.4.0 20160609 (Ubuntu 5.4.0-6ubuntu1~16.04.11) 
configure:4823: $? = 0
configure:4812: g++ -V >&5
g++: error: unrecognized command line option '-V'
g++: fatal error: no input files
compilation terminated.
configure:4823: $? = 1
configure:4812: g++ -qversion >&5
g++: error: unrecognized command line option '-qversion'
g++: fatal error: no input files
compilation terminated.
configure:4823: $? = 1
configure:4827: checking whether we are using the GNU C++ compiler
configure:4846: g++ -c -std=c++11 -O2 -DNDEBUG   conftest.cpp >&5
configure:4846: $? = 0
configure:4855: result: yes
configure:4864: checking whether g++ accepts -g
configure:4884: g++ -c -g  conftest.cpp >&5
configure:4884: $? = 0
configure:4925: result: yes
configure:4950: checking dependency style of g++
configure:5061: result: gcc3
configure:5077: checking whether ln -s works
configure:5081: result: yes
configure:5088: checking whether make sets $(MAKE)
configure:5110: result: yes
configure:5163: checking for ranlib
configure:5179: found /usr/bin/ranlib
configure:5190: result: ranlib
configure:5258: checking how to print strings
configure:5285: result: printf
configure:5306: checking for a sed that does not truncate output
configure:5370: result: /bin/sed
configure:5388: checking for grep that handles long lines and -e
configure:5446: result: /bin/grep
configure:5451: checking for egrep
configure:5513: result: /bin/grep -E
configure:5518: checking for fgrep
configure:5580: result: /bin/grep -F
configure:5615: checking for ld used by gcc
configure:5682: result: /usr/bin/ld
configure:5689: checking if the linker (/usr/bin/ld) is GNU ld
configure:5704: result: yes
configure:5716: checking for BSD- or MS-compatible name lister (nm)
configure:5770: result: /usr/bin/nm -B
configure:5900: checking the name lister (/usr/bin/nm -B) interface
configure:5907: g++ -c -std=c++11 -O2 -DNDEBUG   conftest.cpp >&5
configure:5910: /usr/bin/nm -B "conftest.o"
configure:5913: output
0000000000000000 B some_variable
configure:5920: result: BSD nm
configure:5924: checking the maximum length of command line arguments
configure:6055: result: 1572864
configure:6103: checking how to convert x86_64-pc-linux-gnu file names to x86_64-pc-linux-gnu format
configure:6143: result: func_convert_file_noop
configure:6150: checking how to convert x86_64-pc-linux-gnu file names to toolchain format
configure:6170: result: func_convert_file_noop
configure:6177: checking for /usr/bin/ld option to reload object files
configure:6184: result: -r
configure:6258: checking for objdump
configure:6274: found /usr/bin/objdump
configure:6285: result: objdump
configure:6317: checking how to recognize dependent libraries
configure:6517: result: pass_all
configure:6602: checking for dlltool
configure:6632: result: no
configure:6662: checking how to associate runtime and link libraries
configure:6689: result: printf %s\n
configure:6750: checking for ar
configure:6766: found /usr/bin/ar
configure:6777: result: ar
configure:6814: checking for archiver @FILE support
configure:6831: g++ -c -std=c++11 -O2 -DNDEBUG   conftest.cpp >&5
configure:6831: $? = 0
configure:6834: ar cr libconftest.a @conftest.lst >&5
configure:6837: $? = 0
configure:6842: ar cr libconftest.a @conftest.lst >&5
ar: conftest.o: No such file or directory
configure:6845: $? = 1
configure:6857: result: @
configure:6915: checking for strip
configure:6931: found /usr/bin/strip
configure:6942: result: strip
configure:7014: checking for ranlib
configure:7041: result: ranlib
configure:7143: checking command to parse /usr/bin/nm -B output from gcc object
configure:7296: g++ -c -std=c++11 -O2 -DNDEBUG   conftest.cpp >&5
configure:7299: $? = 0
configure:7303: /usr/bin/nm -B conftest.o \| sed -n -e 's/^.*[ ]\([ABCDGIRSTW][ABCDGIRSTW]*\)[ ][ ]*\([_A-Za-z][_A-Za-z0-9]*\)$/\1 \2 \2/p' | sed '/ __gnu_lto/d' \> conftest.nm
configure:7306: $? = 0
configure:7372: g++ -o conftest -std=c++11 -O2 -DNDEBUG    conftest.cpp conftstm.o >&5
configure:7375: $? = 0
configure:7413: result: ok
configure:7460: checking for sysroot
configure:7490: result: no
configure:7497: checking for a working dd
configure:7535: result: /bin/dd
configure:7539: checking how to truncate binary pipes
configure:7554: result: /bin/dd bs=4096 count=1
configure:7691: g++ -c -std=c++11 -O2 -DNDEBUG   conftest.cpp >&5
configure:7694: $? = 0
configure:7884: checking for mt
configure:7900: found /bin/mt
configure:7911: result: mt
configure:7934: checking if mt is a manifest tool
configure:7940: mt '-?'
configure:7948: result: no
configure:8621: checking for ANSI C header files
configure:8641: g++ -c -std=c++11 -O2 -DNDEBUG   conftest.cpp >&5
configure:8641: $? = 0
./configure: line 8655: conftest.cpp: command not found
configure:8725: result: no
configure:8738: checking for sys/types.h
configure:8738: g++ -c -std=c++11 -O2 -DNDEBUG   conftest.cpp >&5
configure:8738: $? = 0
configure:8738: result: yes
configure:8738: checking for sys/stat.h
configure:8738: g++ -c -std=c++11 -O2 -DNDEBUG   conftest.cpp >&5
configure:8738: $? = 0
configure:8738: result: yes
configure:8738: checking for stdlib.h
configure:8738: g++ -c -std=c++11 -O2 -DNDEBUG   conftest.cpp >&5
configure:8738: $? = 0
configure:8738: result: yes
configure:8738: checking for string.h
configure:8738: g++ -c -std=c++11 -O2 -DNDEBUG   conftest.cpp >&5
configure:8738: $? = 0
configure:8738: result: yes
configure:8738: checking for memory.h
configure:8738: g++ -c -std=c++11 -O2 -DNDEBUG   conftest.cpp >&5
configure:8738: $? = 0
configure:8738: result: yes
configure:8738: checking for strings.h
configure:8738: g++ -c -std=c++11 -O2 -DNDEBUG   conftest.cpp >&5
configure:8738: $? = 0
configure:8738: result: yes
configure:8738: checking for inttypes.h
configure:8738: g++ -c -std=c++11 -O2 -DNDEBUG   conftest.cpp >&5
configure:8738: $? = 0
configure:8738: result: yes
configure:8738: checking for stdint.h
configure:8738: g++ -c -std=c++11 -O2 -DNDEBUG   conftest.cpp >&5
configure:8738: $? = 0
configure:8738: result: yes
configure:8738: checking for unistd.h
configure:8738: g++ -c -std=c++11 -O2 -DNDEBUG   conftest.cpp >&5
configure:8738: $? = 0
configure:8738: result: yes
configure:8752: checking for dlfcn.h
configure:8752: g++ -c -std=c++11 -O2 -DNDEBUG   conftest.cpp >&5
configure:8752: $? = 0
configure:8752: result: yes
configure:9018: checking for objdir
configure:9033: result: .libs
configure:9293: checking if gcc supports -fno-rtti -fno-exceptions
configure:9311: gcc -c -g -O2  -fno-rtti -fno-exceptions conftest.c >&5
cc1: warning: command line option '-fno-rtti' is valid for C++/ObjC++ but not for C
configure:9315: $? = 0
configure:9328: result: no
configure:9686: checking for gcc option to produce PIC
configure:9693: result: -fPIC -DPIC
configure:9701: checking if gcc PIC flag -fPIC -DPIC works
configure:9719: gcc -c -g -O2  -fPIC -DPIC -DPIC conftest.c >&5
configure:9723: $? = 0
configure:9736: result: yes
configure:9765: checking if gcc static flag -static works
configure:9793: result: yes
configure:9808: checking if gcc supports -c -o file.o
configure:9829: gcc -c -g -O2  -o out/conftest2.o conftest.c >&5
configure:9833: $? = 0
configure:9855: result: yes
configure:9863: checking if gcc supports -c -o file.o
configure:9910: result: yes
configure:9943: checking whether the gcc linker (/usr/bin/ld -m elf_x86_64) supports shared libraries
configure:11206: result: yes
configure:11243: checking whether -lc should be explicitly linked in
configure:11251: gcc -c -g -O2  conftest.c >&5
configure:11254: $? = 0
configure:11269: gcc -shared  -fPIC -DPIC conftest.o  -v -Wl,-soname -Wl,conftest -o conftest 2\>\&1 \| /bin/grep  -lc  \>/dev/null 2\>\&1
configure:11272: $? = 0
configure:11286: result: no
configure:11446: checking dynamic linker characteristics
configure:12027: gcc -o conftest -g -O2   -Wl,-rpath -Wl,/foo conftest.c  >&5
configure:12027: $? = 0
configure:12276: result: GNU/Linux ld.so
configure:12398: checking how to hardcode library paths into programs
configure:12423: result: immediate
configure:12971: checking whether stripping libraries is possible
configure:12976: result: yes
configure:13011: checking if libtool supports shared libraries
configure:13013: result: yes
configure:13016: checking whether to build shared libraries
configure:13041: result: yes
configure:13044: checking whether to build static libraries
configure:13048: result: yes
configure:13071: checking how to run the C++ preprocessor
configure:13098: g++ -E  conftest.cpp
configure:13098: $? = 0
configure:13112: g++ -E  conftest.cpp
conftest.cpp:22:28: fatal error: ac_nonexistent.h: No such file or directory
compilation terminated.
configure:13112: $? = 1
configure: failed program was:
| /* confdefs.h */
| #define PACKAGE_NAME "sumo"
| #define PACKAGE_TARNAME "sumo"
| #define PACKAGE_VERSION "1.1.0"
| #define PACKAGE_STRING "sumo 1.1.0"
| #define PACKAGE_BUGREPORT ""
| #define PACKAGE_URL ""
| #define PACKAGE "sumo"
| #define VERSION "1.1.0"
| #define HAVE_SYS_TYPES_H 1
| #define HAVE_SYS_STAT_H 1
| #define HAVE_STDLIB_H 1
| #define HAVE_STRING_H 1
| #define HAVE_MEMORY_H 1
| #define HAVE_STRINGS_H 1
| #define HAVE_INTTYPES_H 1
| #define HAVE_STDINT_H 1
| #define HAVE_UNISTD_H 1
| #define HAVE_DLFCN_H 1
| #define LT_OBJDIR ".libs/"
| /* end confdefs.h.  */
| #include <ac_nonexistent.h>
configure:13137: result: g++ -E
configure:13157: g++ -E  conftest.cpp
configure:13157: $? = 0
configure:13171: g++ -E  conftest.cpp
conftest.cpp:22:28: fatal error: ac_nonexistent.h: No such file or directory
compilation terminated.
configure:13171: $? = 1
configure: failed program was:
| /* confdefs.h */
| #define PACKAGE_NAME "sumo"
| #define PACKAGE_TARNAME "sumo"
| #define PACKAGE_VERSION "1.1.0"
| #define PACKAGE_STRING "sumo 1.1.0"
| #define PACKAGE_BUGREPORT ""
| #define PACKAGE_URL ""
| #define PACKAGE "sumo"
| #define VERSION "1.1.0"
| #define HAVE_SYS_TYPES_H 1
| #define HAVE_SYS_STAT_H 1
| #define HAVE_STDLIB_H 1
| #define HAVE_STRING_H 1
| #define HAVE_MEMORY_H 1
| #define HAVE_STRINGS_H 1
| #define HAVE_INTTYPES_H 1
| #define HAVE_STDINT_H 1
| #define HAVE_UNISTD_H 1
| #define HAVE_DLFCN_H 1
| #define LT_OBJDIR ".libs/"
| /* end confdefs.h.  */
| #include <ac_nonexistent.h>
configure:13333: checking for ld used by g++
configure:13400: result: /usr/bin/ld -m elf_x86_64
configure:13407: checking if the linker (/usr/bin/ld -m elf_x86_64) is GNU ld
configure:13422: result: yes
configure:13477: checking whether the g++ linker (/usr/bin/ld -m elf_x86_64) supports shared libraries
configure:14550: result: yes
configure:14586: g++ -c -std=c++11 -O2 -DNDEBUG   conftest.cpp >&5
configure:14589: $? = 0
configure:15070: checking for g++ option to produce PIC
configure:15077: result: -fPIC -DPIC
configure:15085: checking if g++ PIC flag -fPIC -DPIC works
configure:15103: g++ -c -std=c++11 -O2 -DNDEBUG   -fPIC -DPIC -DPIC conftest.cpp >&5
configure:15107: $? = 0
configure:15120: result: yes
configure:15143: checking if g++ static flag -static works
configure:15171: result: yes
configure:15183: checking if g++ supports -c -o file.o
configure:15204: g++ -c -std=c++11 -O2 -DNDEBUG   -o out/conftest2.o conftest.cpp >&5
configure:15208: $? = 0
configure:15230: result: yes
configure:15235: checking if g++ supports -c -o file.o
configure:15282: result: yes
configure:15312: checking whether the g++ linker (/usr/bin/ld -m elf_x86_64) supports shared libraries
configure:15355: result: yes
configure:15496: checking dynamic linker characteristics
configure:16253: result: GNU/Linux ld.so
configure:16318: checking how to hardcode library paths into programs
configure:16343: result: immediate
configure:16514: checking for pkg-config
configure:16532: found /usr/bin/pkg-config
configure:16544: result: /usr/bin/pkg-config
configure:16569: checking pkg-config is at least version 0.9.0
configure:16572: result: yes
configure:16582: checking for XERCES
configure:16589: $PKG_CONFIG --exists --print-errors "xerces-c >= 3.0"
configure:16592: $? = 0
configure:16606: $PKG_CONFIG --exists --print-errors "xerces-c >= 3.0"
configure:16609: $? = 0
configure:16651: result: yes
configure:16683: checking for main in -lxerces-c
configure:16702: g++ -o conftest -msse2 -mfpmath=sse -std=c++11 -O2 -DNDEBUG    -L/usr/local/lib conftest.cpp -lxerces-c   >&5
configure:16702: $? = 0
configure:16712: result: yes
configure:16778: checking xercesc/util/XercesVersion.hpp usability
configure:16778: g++ -c -msse2 -mfpmath=sse -std=c++11 -O2 -DNDEBUG   -I/usr/local/include -I/usr/include conftest.cpp >&5
configure:16778: $? = 0
configure:16778: result: yes
configure:16778: checking xercesc/util/XercesVersion.hpp presence
configure:16778: g++ -E  -I/usr/local/include -I/usr/include conftest.cpp
configure:16778: $? = 0
configure:16778: result: yes
configure:16778: checking for xercesc/util/XercesVersion.hpp
configure:16778: result: yes
configure:16829: checking for main in -lproj
configure:16848: g++ -o conftest -msse2 -mfpmath=sse -std=c++11 -O2 -DNDEBUG    -L/usr/local/lib conftest.cpp -lproj   >&5
/usr/bin/ld: cannot find -lproj
collect2: error: ld returned 1 exit status
configure:16848: $? = 1
configure: failed program was:
| /* confdefs.h */
| #define PACKAGE_NAME "sumo"
| #define PACKAGE_TARNAME "sumo"
| #define PACKAGE_VERSION "1.1.0"
| #define PACKAGE_STRING "sumo 1.1.0"
| #define PACKAGE_BUGREPORT ""
| #define PACKAGE_URL ""
| #define PACKAGE "sumo"
| #define VERSION "1.1.0"
| #define HAVE_SYS_TYPES_H 1
| #define HAVE_SYS_STAT_H 1
| #define HAVE_STDLIB_H 1
| #define HAVE_STRING_H 1
| #define HAVE_MEMORY_H 1
| #define HAVE_STRINGS_H 1
| #define HAVE_INTTYPES_H 1
| #define HAVE_STDINT_H 1
| #define HAVE_UNISTD_H 1
| #define HAVE_DLFCN_H 1
| #define LT_OBJDIR ".libs/"
| #define POSITION_EPS 0.1
| #define NUMERICAL_EPS 0.001
| #define VERSION_STRING "1.1.0"
| #define XERCES3_SIZE_t XMLSize_t
| /* end confdefs.h.  */
| 
| 
| int
| main ()
| {
| return main ();
|   ;
|   return 0;
| }
configure:16857: result: no
configure:16862: WARNING: proj-lib not found. Specify path with option --with-proj-libraries=DIR.
configure:16917: checking proj_api.h usability
configure:16917: g++ -c -msse2 -mfpmath=sse -std=c++11 -O2 -DNDEBUG   conftest.cpp >&5
conftest.cpp:59:22: fatal error: proj_api.h: No such file or directory
compilation terminated.
configure:16917: $? = 1
configure: failed program was:
| /* confdefs.h */
| #define PACKAGE_NAME "sumo"
| #define PACKAGE_TARNAME "sumo"
| #define PACKAGE_VERSION "1.1.0"
| #define PACKAGE_STRING "sumo 1.1.0"
| #define PACKAGE_BUGREPORT ""
| #define PACKAGE_URL ""
| #define PACKAGE "sumo"
| #define VERSION "1.1.0"
| #define HAVE_SYS_TYPES_H 1
| #define HAVE_SYS_STAT_H 1
| #define HAVE_STDLIB_H 1
| #define HAVE_STRING_H 1
| #define HAVE_MEMORY_H 1
| #define HAVE_STRINGS_H 1
| #define HAVE_INTTYPES_H 1
| #define HAVE_STDINT_H 1
| #define HAVE_UNISTD_H 1
| #define HAVE_DLFCN_H 1
| #define LT_OBJDIR ".libs/"
| #define POSITION_EPS 0.1
| #define NUMERICAL_EPS 0.001
| #define VERSION_STRING "1.1.0"
| #define XERCES3_SIZE_t XMLSize_t
| /* end confdefs.h.  */
| #include <stdio.h>
| #ifdef HAVE_SYS_TYPES_H
| # include <sys/types.h>
| #endif
| #ifdef HAVE_SYS_STAT_H
| # include <sys/stat.h>
| #endif
| #ifdef STDC_HEADERS
| # include <stdlib.h>
| # include <stddef.h>
| #else
| # ifdef HAVE_STDLIB_H
| #  include <stdlib.h>
| # endif
| #endif
| #ifdef HAVE_STRING_H
| # if !defined STDC_HEADERS && defined HAVE_MEMORY_H
| #  include <memory.h>
| # endif
| # include <string.h>
| #endif
| #ifdef HAVE_STRINGS_H
| # include <strings.h>
| #endif
| #ifdef HAVE_INTTYPES_H
| # include <inttypes.h>
| #endif
| #ifdef HAVE_STDINT_H
| # include <stdint.h>
| #endif
| #ifdef HAVE_UNISTD_H
| # include <unistd.h>
| #endif
| #include <proj_api.h>
configure:16917: result: no
configure:16917: checking proj_api.h presence
configure:16917: g++ -E  conftest.cpp
conftest.cpp:26:22: fatal error: proj_api.h: No such file or directory
compilation terminated.
configure:16917: $? = 1
configure: failed program was:
| /* confdefs.h */
| #define PACKAGE_NAME "sumo"
| #define PACKAGE_TARNAME "sumo"
| #define PACKAGE_VERSION "1.1.0"
| #define PACKAGE_STRING "sumo 1.1.0"
| #define PACKAGE_BUGREPORT ""
| #define PACKAGE_URL ""
| #define PACKAGE "sumo"
| #define VERSION "1.1.0"
| #define HAVE_SYS_TYPES_H 1
| #define HAVE_SYS_STAT_H 1
| #define HAVE_STDLIB_H 1
| #define HAVE_STRING_H 1
| #define HAVE_MEMORY_H 1
| #define HAVE_STRINGS_H 1
| #define HAVE_INTTYPES_H 1
| #define HAVE_STDINT_H 1
| #define HAVE_UNISTD_H 1
| #define HAVE_DLFCN_H 1
| #define LT_OBJDIR ".libs/"
| #define POSITION_EPS 0.1
| #define NUMERICAL_EPS 0.001
| #define VERSION_STRING "1.1.0"
| #define XERCES3_SIZE_t XMLSize_t
| /* end confdefs.h.  */
| #include <proj_api.h>
configure:16917: result: no
configure:16917: checking for proj_api.h
configure:16917: result: no
configure:16921: WARNING: proj-includes not found. Specify path with option --with-proj-includes=DIR.
configure:16963: checking for gdal-config
configure:16981: found /usr/bin/gdal-config
configure:16993: result: /usr/bin/gdal-config
configure:17024: checking ogr_api.h usability
configure:17024: g++ -c -msse2 -mfpmath=sse -std=c++11 -O2 -DNDEBUG  -I/usr/include/gdal conftest.cpp >&5
In file included from /usr/include/gdal/cpl_port.h:81:0,
                 from /usr/include/gdal/cpl_progress.h:33,
                 from /usr/include/gdal/ogr_api.h:43,
                 from conftest.cpp:59:
/usr/include/gdal/cpl_config.h:203:0: warning: "PACKAGE_NAME" redefined
 #define PACKAGE_NAME ""
 ^
conftest.cpp:2:0: note: this is the location of the previous definition
 #define PACKAGE_NAME "sumo"
 ^
In file included from /usr/include/gdal/cpl_port.h:81:0,
                 from /usr/include/gdal/cpl_progress.h:33,
                 from /usr/include/gdal/ogr_api.h:43,
                 from conftest.cpp:59:
/usr/include/gdal/cpl_config.h:206:0: warning: "PACKAGE_STRING" redefined
 #define PACKAGE_STRING ""
 ^
conftest.cpp:5:0: note: this is the location of the previous definition
 #define PACKAGE_STRING "sumo 1.1.0"
 ^
In file included from /usr/include/gdal/cpl_port.h:81:0,
                 from /usr/include/gdal/cpl_progress.h:33,
                 from /usr/include/gdal/ogr_api.h:43,
                 from conftest.cpp:59:
/usr/include/gdal/cpl_config.h:209:0: warning: "PACKAGE_TARNAME" redefined
 #define PACKAGE_TARNAME ""
 ^
conftest.cpp:3:0: note: this is the location of the previous definition
 #define PACKAGE_TARNAME "sumo"
 ^
In file included from /usr/include/gdal/cpl_port.h:81:0,
                 from /usr/include/gdal/cpl_progress.h:33,
                 from /usr/include/gdal/ogr_api.h:43,
                 from conftest.cpp:59:
/usr/include/gdal/cpl_config.h:215:0: warning: "PACKAGE_VERSION" redefined
 #define PACKAGE_VERSION ""
 ^
conftest.cpp:4:0: note: this is the location of the previous definition
 #define PACKAGE_VERSION "1.1.0"
 ^
configure:17024: $? = 0
configure:17024: result: yes
configure:17024: checking ogr_api.h presence
configure:17024: g++ -E -I/usr/include/gdal conftest.cpp
In file included from /usr/include/gdal/cpl_port.h:81:0,
                 from /usr/include/gdal/cpl_progress.h:33,
                 from /usr/include/gdal/ogr_api.h:43,
                 from conftest.cpp:26:
/usr/include/gdal/cpl_config.h:203:0: warning: "PACKAGE_NAME" redefined
 #define PACKAGE_NAME ""
 ^
conftest.cpp:2:0: note: this is the location of the previous definition
 #define PACKAGE_NAME "sumo"
 ^
In file included from /usr/include/gdal/cpl_port.h:81:0,
                 from /usr/include/gdal/cpl_progress.h:33,
                 from /usr/include/gdal/ogr_api.h:43,
                 from conftest.cpp:26:
/usr/include/gdal/cpl_config.h:206:0: warning: "PACKAGE_STRING" redefined
 #define PACKAGE_STRING ""
 ^
conftest.cpp:5:0: note: this is the location of the previous definition
 #define PACKAGE_STRING "sumo 1.1.0"
 ^
In file included from /usr/include/gdal/cpl_port.h:81:0,
                 from /usr/include/gdal/cpl_progress.h:33,
                 from /usr/include/gdal/ogr_api.h:43,
                 from conftest.cpp:26:
/usr/include/gdal/cpl_config.h:209:0: warning: "PACKAGE_TARNAME" redefined
 #define PACKAGE_TARNAME ""
 ^
conftest.cpp:3:0: note: this is the location of the previous definition
 #define PACKAGE_TARNAME "sumo"
 ^
In file included from /usr/include/gdal/cpl_port.h:81:0,
                 from /usr/include/gdal/cpl_progress.h:33,
                 from /usr/include/gdal/ogr_api.h:43,
                 from conftest.cpp:26:
/usr/include/gdal/cpl_config.h:215:0: warning: "PACKAGE_VERSION" redefined
 #define PACKAGE_VERSION ""
 ^
conftest.cpp:4:0: note: this is the location of the previous definition
 #define PACKAGE_VERSION "1.1.0"
 ^
configure:17024: $? = 0
configure:17024: result: yes
configure:17024: checking for ogr_api.h
configure:17024: result: yes
configure:17055: checking for fox-config
configure:17088: result: no
configure:17094: WARNING: could not find fox-config from libfox within the current path. Specify path with option --with-fox-config.
configure:17155: checking for gtest-config
configure:17188: result: no
configure:17342: checking for size_t
configure:17342: g++ -c -msse2 -mfpmath=sse -std=c++11 -O2 -DNDEBUG   conftest.cpp >&5
configure:17342: $? = 0
configure:17342: g++ -c -msse2 -mfpmath=sse -std=c++11 -O2 -DNDEBUG   conftest.cpp >&5
conftest.cpp: In function 'int main()':
conftest.cpp:64:20: error: expected primary-expression before ')' token
 if (sizeof ((size_t)))
                    ^
configure:17342: $? = 1
configure: failed program was:
| /* confdefs.h */
| #define PACKAGE_NAME "sumo"
| #define PACKAGE_TARNAME "sumo"
| #define PACKAGE_VERSION "1.1.0"
| #define PACKAGE_STRING "sumo 1.1.0"
| #define PACKAGE_BUGREPORT ""
| #define PACKAGE_URL ""
| #define PACKAGE "sumo"
| #define VERSION "1.1.0"
| #define HAVE_SYS_TYPES_H 1
| #define HAVE_SYS_STAT_H 1
| #define HAVE_STDLIB_H 1
| #define HAVE_STRING_H 1
| #define HAVE_MEMORY_H 1
| #define HAVE_STRINGS_H 1
| #define HAVE_INTTYPES_H 1
| #define HAVE_STDINT_H 1
| #define HAVE_UNISTD_H 1
| #define HAVE_DLFCN_H 1
| #define LT_OBJDIR ".libs/"
| #define POSITION_EPS 0.1
| #define NUMERICAL_EPS 0.001
| #define VERSION_STRING "1.1.0"
| #define XERCES3_SIZE_t XMLSize_t
| #define HAVE_GDAL 1
| #define HAVE_ENABLED "x86_64-pc-linux-gnu GDAL"
| /* end confdefs.h.  */
| #include <stdio.h>
| #ifdef HAVE_SYS_TYPES_H
| # include <sys/types.h>
| #endif
| #ifdef HAVE_SYS_STAT_H
| # include <sys/stat.h>
| #endif
| #ifdef STDC_HEADERS
| # include <stdlib.h>
| # include <stddef.h>
| #else
| # ifdef HAVE_STDLIB_H
| #  include <stdlib.h>
| # endif
| #endif
| #ifdef HAVE_STRING_H
| # if !defined STDC_HEADERS && defined HAVE_MEMORY_H
| #  include <memory.h>
| # endif
| # include <string.h>
| #endif
| #ifdef HAVE_STRINGS_H
| # include <strings.h>
| #endif
| #ifdef HAVE_INTTYPES_H
| # include <inttypes.h>
| #endif
| #ifdef HAVE_STDINT_H
| # include <stdint.h>
| #endif
| #ifdef HAVE_UNISTD_H
| # include <unistd.h>
| #endif
| int
| main ()
| {
| if (sizeof ((size_t)))
| 	    return 0;
|   ;
|   return 0;
| }
configure:17342: result: yes
configure:17355: checking for working alloca.h
configure:17372: g++ -o conftest -msse2 -mfpmath=sse -std=c++11 -O2 -DNDEBUG    -L/usr/local/lib conftest.cpp  >&5
configure:17372: $? = 0
configure:17380: result: yes
configure:17388: checking for alloca
configure:17425: g++ -o conftest -msse2 -mfpmath=sse -std=c++11 -O2 -DNDEBUG    -L/usr/local/lib conftest.cpp  >&5
configure:17425: $? = 0
configure:17433: result: yes
configure:17539: checking for ANSI C header files
configure:17643: result: no
configure:17654: checking float.h usability
configure:17654: g++ -c -msse2 -mfpmath=sse -std=c++11 -O2 -DNDEBUG   conftest.cpp >&5
configure:17654: $? = 0
configure:17654: result: yes
configure:17654: checking float.h presence
configure:17654: g++ -E  conftest.cpp
configure:17654: $? = 0
configure:17654: result: yes
configure:17654: checking for float.h
configure:17654: result: yes
configure:17654: checking limits.h usability
configure:17654: g++ -c -msse2 -mfpmath=sse -std=c++11 -O2 -DNDEBUG   conftest.cpp >&5
configure:17654: $? = 0
configure:17654: result: yes
configure:17654: checking limits.h presence
configure:17654: g++ -E  conftest.cpp
configure:17654: $? = 0
configure:17654: result: yes
configure:17654: checking for limits.h
configure:17654: result: yes
configure:17654: checking malloc.h usability
configure:17654: g++ -c -msse2 -mfpmath=sse -std=c++11 -O2 -DNDEBUG   conftest.cpp >&5
configure:17654: $? = 0
configure:17654: result: yes
configure:17654: checking malloc.h presence
configure:17654: g++ -E  conftest.cpp
configure:17654: $? = 0
configure:17654: result: yes
configure:17654: checking for malloc.h
configure:17654: result: yes
configure:17654: checking math.h usability
configure:17654: g++ -c -msse2 -mfpmath=sse -std=c++11 -O2 -DNDEBUG   conftest.cpp >&5
configure:17654: $? = 0
configure:17654: result: yes
configure:17654: checking math.h presence
configure:17654: g++ -E  conftest.cpp
configure:17654: $? = 0
configure:17654: result: yes
configure:17654: checking for math.h
configure:17654: result: yes
configure:17654: checking stddef.h usability
configure:17654: g++ -c -msse2 -mfpmath=sse -std=c++11 -O2 -DNDEBUG   conftest.cpp >&5
configure:17654: $? = 0
configure:17654: result: yes
configure:17654: checking stddef.h presence
configure:17654: g++ -E  conftest.cpp
configure:17654: $? = 0
configure:17654: result: yes
configure:17654: checking for stddef.h
configure:17654: result: yes
configure:17654: checking for stdlib.h
configure:17654: result: yes
configure:17654: checking for string.h
configure:17654: result: yes
configure:17654: checking sys/time.h usability
configure:17654: g++ -c -msse2 -mfpmath=sse -std=c++11 -O2 -DNDEBUG   conftest.cpp >&5
configure:17654: $? = 0
configure:17654: result: yes
configure:17654: checking sys/time.h presence
configure:17654: g++ -E  conftest.cpp
configure:17654: $? = 0
configure:17654: result: yes
configure:17654: checking for sys/time.h
configure:17654: result: yes
configure:17654: checking for unistd.h
configure:17654: result: yes
configure:17654: checking wchar.h usability
configure:17654: g++ -c -msse2 -mfpmath=sse -std=c++11 -O2 -DNDEBUG   conftest.cpp >&5
configure:17654: $? = 0
configure:17654: result: yes
configure:17654: checking wchar.h presence
configure:17654: g++ -E  conftest.cpp
configure:17654: $? = 0
configure:17654: result: yes
configure:17654: checking for wchar.h
configure:17654: result: yes
configure:17665: checking for stdbool.h that conforms to C99
configure:17732: g++ -c -msse2 -mfpmath=sse -std=c++11 -O2 -DNDEBUG   conftest.cpp >&5
conftest.cpp:43:15: error: expected unqualified-id before string constant
               "error: bool is not defined"
               ^
conftest.cpp:61:48: error: 's' does not name a type
              struct s { _Bool s: 1; _Bool t; } s;
                                                ^
conftest.cpp:71:28: error: 's' was not declared in this scope
              char i[sizeof s.t];
                            ^
conftest.cpp: In function 'int main()':
conftest.cpp:89:24: error: 's' was not declared in this scope
              bool e = &s;
                        ^
conftest.cpp:93:63: error: 'i' was not declared in this scope
              return (!a + !b + !c + !d + !e + !f + !g + !h + !i + !!j + !k + !!l
                                                               ^
configure:17732: $? = 1
configure: failed program was:
| /* confdefs.h */
| #define PACKAGE_NAME "sumo"
| #define PACKAGE_TARNAME "sumo"
| #define PACKAGE_VERSION "1.1.0"
| #define PACKAGE_STRING "sumo 1.1.0"
| #define PACKAGE_BUGREPORT ""
| #define PACKAGE_URL ""
| #define PACKAGE "sumo"
| #define VERSION "1.1.0"
| #define HAVE_SYS_TYPES_H 1
| #define HAVE_SYS_STAT_H 1
| #define HAVE_STDLIB_H 1
| #define HAVE_STRING_H 1
| #define HAVE_MEMORY_H 1
| #define HAVE_STRINGS_H 1
| #define HAVE_INTTYPES_H 1
| #define HAVE_STDINT_H 1
| #define HAVE_UNISTD_H 1
| #define HAVE_DLFCN_H 1
| #define LT_OBJDIR ".libs/"
| #define POSITION_EPS 0.1
| #define NUMERICAL_EPS 0.001
| #define VERSION_STRING "1.1.0"
| #define XERCES3_SIZE_t XMLSize_t
| #define HAVE_GDAL 1
| #define HAVE_ENABLED "x86_64-pc-linux-gnu GDAL"
| #define HAVE_ALLOCA_H 1
| #define HAVE_ALLOCA 1
| #define HAVE_FLOAT_H 1
| #define HAVE_LIMITS_H 1
| #define HAVE_MALLOC_H 1
| #define HAVE_MATH_H 1
| #define HAVE_STDDEF_H 1
| #define HAVE_STDLIB_H 1
| #define HAVE_STRING_H 1
| #define HAVE_SYS_TIME_H 1
| #define HAVE_UNISTD_H 1
| #define HAVE_WCHAR_H 1
| /* end confdefs.h.  */
| 
|              #include <stdbool.h>
|              #ifndef bool
|               "error: bool is not defined"
|              #endif
|              #ifndef false
|               "error: false is not defined"
|              #endif
|              #if false
|               "error: false is not 0"
|              #endif
|              #ifndef true
|               "error: true is not defined"
|              #endif
|              #if true != 1
|               "error: true is not 1"
|              #endif
|              #ifndef __bool_true_false_are_defined
|               "error: __bool_true_false_are_defined is not defined"
|              #endif
| 
|              struct s { _Bool s: 1; _Bool t; } s;
| 
|              char a[true == 1 ? 1 : -1];
|              char b[false == 0 ? 1 : -1];
|              char c[__bool_true_false_are_defined == 1 ? 1 : -1];
|              char d[(bool) 0.5 == true ? 1 : -1];
|              /* See body of main program for 'e'.  */
|              char f[(_Bool) 0.0 == false ? 1 : -1];
|              char g[true];
|              char h[sizeof (_Bool)];
|              char i[sizeof s.t];
|              enum { j = false, k = true, l = false * true, m = true * 256 };
|              /* The following fails for
|                 HP aC++/ANSI C B3910B A.05.55 [Dec 04 2003]. */
|              _Bool n[m];
|              char o[sizeof n == m * sizeof n[0] ? 1 : -1];
|              char p[-1 - (_Bool) 0 < 0 && -1 - (bool) 0 < 0 ? 1 : -1];
|              /* Catch a bug in an HP-UX C compiler.  See
|                 http://gcc.gnu.org/ml/gcc-patches/2003-12/msg02303.html
|                 http://lists.gnu.org/archive/html/bug-coreutils/2005-11/msg00161.html
|               */
|              _Bool q = true;
|              _Bool *pq = &q;
| 
| int
| main ()
| {
| 
|              bool e = &s;
|              *pq |= q;
|              *pq |= ! q;
|              /* Refer to every declared value, to avoid compiler optimizations.  */
|              return (!a + !b + !c + !d + !e + !f + !g + !h + !i + !!j + !k + !!l
|                      + !m + !n + !o + !p + !q + !pq);
| 
|   ;
|   return 0;
| }
configure:17739: result: no
configure:17741: checking for _Bool
configure:17741: g++ -c -msse2 -mfpmath=sse -std=c++11 -O2 -DNDEBUG   conftest.cpp >&5
conftest.cpp: In function 'int main()':
conftest.cpp:76:13: error: '_Bool' was not declared in this scope
 if (sizeof (_Bool))
             ^
configure:17741: $? = 1
configure: failed program was:
| /* confdefs.h */
| #define PACKAGE_NAME "sumo"
| #define PACKAGE_TARNAME "sumo"
| #define PACKAGE_VERSION "1.1.0"
| #define PACKAGE_STRING "sumo 1.1.0"
| #define PACKAGE_BUGREPORT ""
| #define PACKAGE_URL ""
| #define PACKAGE "sumo"
| #define VERSION "1.1.0"
| #define HAVE_SYS_TYPES_H 1
| #define HAVE_SYS_STAT_H 1
| #define HAVE_STDLIB_H 1
| #define HAVE_STRING_H 1
| #define HAVE_MEMORY_H 1
| #define HAVE_STRINGS_H 1
| #define HAVE_INTTYPES_H 1
| #define HAVE_STDINT_H 1
| #define HAVE_UNISTD_H 1
| #define HAVE_DLFCN_H 1
| #define LT_OBJDIR ".libs/"
| #define POSITION_EPS 0.1
| #define NUMERICAL_EPS 0.001
| #define VERSION_STRING "1.1.0"
| #define XERCES3_SIZE_t XMLSize_t
| #define HAVE_GDAL 1
| #define HAVE_ENABLED "x86_64-pc-linux-gnu GDAL"
| #define HAVE_ALLOCA_H 1
| #define HAVE_ALLOCA 1
| #define HAVE_FLOAT_H 1
| #define HAVE_LIMITS_H 1
| #define HAVE_MALLOC_H 1
| #define HAVE_MATH_H 1
| #define HAVE_STDDEF_H 1
| #define HAVE_STDLIB_H 1
| #define HAVE_STRING_H 1
| #define HAVE_SYS_TIME_H 1
| #define HAVE_UNISTD_H 1
| #define HAVE_WCHAR_H 1
| /* end confdefs.h.  */
| #include <stdio.h>
| #ifdef HAVE_SYS_TYPES_H
| # include <sys/types.h>
| #endif
| #ifdef HAVE_SYS_STAT_H
| # include <sys/stat.h>
| #endif
| #ifdef STDC_HEADERS
| # include <stdlib.h>
| # include <stddef.h>
| #else
| # ifdef HAVE_STDLIB_H
| #  include <stdlib.h>
| # endif
| #endif
| #ifdef HAVE_STRING_H
| # if !defined STDC_HEADERS && defined HAVE_MEMORY_H
| #  include <memory.h>
| # endif
| # include <string.h>
| #endif
| #ifdef HAVE_STRINGS_H
| # include <strings.h>
| #endif
| #ifdef HAVE_INTTYPES_H
| # include <inttypes.h>
| #endif
| #ifdef HAVE_STDINT_H
| # include <stdint.h>
| #endif
| #ifdef HAVE_UNISTD_H
| # include <unistd.h>
| #endif
| int
| main ()
| {
| if (sizeof (_Bool))
| 	 return 0;
|   ;
|   return 0;
| }
configure:17741: result: no
configure:17758: checking for an ANSI C-conforming const
configure:17824: g++ -c -msse2 -mfpmath=sse -std=c++11 -O2 -DNDEBUG   conftest.cpp >&5
configure:17824: $? = 0
configure:17831: result: yes
configure:17839: checking for inline
configure:17855: g++ -c -msse2 -mfpmath=sse -std=c++11 -O2 -DNDEBUG   conftest.cpp >&5
configure:17855: $? = 0
configure:17863: result: inline
configure:17881: checking for size_t
configure:17881: result: yes
configure:17892: checking whether time.h and sys/time.h may both be included
configure:17912: g++ -c -msse2 -mfpmath=sse -std=c++11 -O2 -DNDEBUG   conftest.cpp >&5
configure:17912: $? = 0
configure:17919: result: yes
configure:17927: checking whether struct tm is in sys/time.h or time.h
configure:17947: g++ -c -msse2 -mfpmath=sse -std=c++11 -O2 -DNDEBUG   conftest.cpp >&5
configure:17947: $? = 0
configure:17954: result: time.h
configure:17962: checking for working volatile
configure:17981: g++ -c -msse2 -mfpmath=sse -std=c++11 -O2 -DNDEBUG   conftest.cpp >&5
configure:17981: $? = 0
configure:17988: result: yes
configure:17997: checking for error_at_line
configure:18013: g++ -o conftest -msse2 -mfpmath=sse -std=c++11 -O2 -DNDEBUG    -L/usr/local/lib conftest.cpp  >&5
configure:18013: $? = 0
configure:18021: result: yes
configure:18035: checking sys/select.h usability
configure:18035: g++ -c -msse2 -mfpmath=sse -std=c++11 -O2 -DNDEBUG   conftest.cpp >&5
configure:18035: $? = 0
configure:18035: result: yes
configure:18035: checking sys/select.h presence
configure:18035: g++ -E  conftest.cpp
configure:18035: $? = 0
configure:18035: result: yes
configure:18035: checking for sys/select.h
configure:18035: result: yes
configure:18035: checking sys/socket.h usability
configure:18035: g++ -c -msse2 -mfpmath=sse -std=c++11 -O2 -DNDEBUG   conftest.cpp >&5
configure:18035: $? = 0
configure:18035: result: yes
configure:18035: checking sys/socket.h presence
configure:18035: g++ -E  conftest.cpp
configure:18035: $? = 0
configure:18035: result: yes
configure:18035: checking for sys/socket.h
configure:18035: result: yes
configure:18045: checking types of arguments for select
configure:18073: g++ -c -msse2 -mfpmath=sse -std=c++11 -O2 -DNDEBUG   conftest.cpp >&5
configure:18073: $? = 0
configure:18084: result: int,fd_set *,struct timeval *
configure:18107: checking return type of signal handlers
configure:18125: g++ -c -msse2 -mfpmath=sse -std=c++11 -O2 -DNDEBUG   conftest.cpp >&5
conftest.cpp: In function 'int main()':
conftest.cpp:52:25: error: void value not ignored as it ought to be
 return *(signal (0, 0)) (0) == 1;
                         ^
configure:18125: $? = 1
configure: failed program was:
| /* confdefs.h */
| #define PACKAGE_NAME "sumo"
| #define PACKAGE_TARNAME "sumo"
| #define PACKAGE_VERSION "1.1.0"
| #define PACKAGE_STRING "sumo 1.1.0"
| #define PACKAGE_BUGREPORT ""
| #define PACKAGE_URL ""
| #define PACKAGE "sumo"
| #define VERSION "1.1.0"
| #define HAVE_SYS_TYPES_H 1
| #define HAVE_SYS_STAT_H 1
| #define HAVE_STDLIB_H 1
| #define HAVE_STRING_H 1
| #define HAVE_MEMORY_H 1
| #define HAVE_STRINGS_H 1
| #define HAVE_INTTYPES_H 1
| #define HAVE_STDINT_H 1
| #define HAVE_UNISTD_H 1
| #define HAVE_DLFCN_H 1
| #define LT_OBJDIR ".libs/"
| #define POSITION_EPS 0.1
| #define NUMERICAL_EPS 0.001
| #define VERSION_STRING "1.1.0"
| #define XERCES3_SIZE_t XMLSize_t
| #define HAVE_GDAL 1
| #define HAVE_ENABLED "x86_64-pc-linux-gnu GDAL"
| #define HAVE_ALLOCA_H 1
| #define HAVE_ALLOCA 1
| #define HAVE_FLOAT_H 1
| #define HAVE_LIMITS_H 1
| #define HAVE_MALLOC_H 1
| #define HAVE_MATH_H 1
| #define HAVE_STDDEF_H 1
| #define HAVE_STDLIB_H 1
| #define HAVE_STRING_H 1
| #define HAVE_SYS_TIME_H 1
| #define HAVE_UNISTD_H 1
| #define HAVE_WCHAR_H 1
| #define TIME_WITH_SYS_TIME 1
| #define HAVE_SYS_SELECT_H 1
| #define HAVE_SYS_SOCKET_H 1
| #define SELECT_TYPE_ARG1 int
| #define SELECT_TYPE_ARG234 (fd_set *)
| #define SELECT_TYPE_ARG5 (struct timeval *)
| /* end confdefs.h.  */
| #include <sys/types.h>
| #include <signal.h>
| 
| int
| main ()
| {
| return *(signal (0, 0)) (0) == 1;
|   ;
|   return 0;
| }
configure:18132: result: void
configure:18140: checking whether lstat correctly handles trailing slash
configure:18166: g++ -o conftest -msse2 -mfpmath=sse -std=c++11 -O2 -DNDEBUG    -L/usr/local/lib conftest.cpp  >&5
configure:18166: $? = 0
configure:18166: ./conftest
configure:18166: $? = 0
configure:18183: result: yes
configure:18202: checking whether stat accepts an empty string
configure:18222: g++ -o conftest -msse2 -mfpmath=sse -std=c++11 -O2 -DNDEBUG    -L/usr/local/lib conftest.cpp  >&5
configure:18222: $? = 0
configure:18222: ./conftest
configure:18222: $? = 0
configure:18232: result: no
configure:18251: checking for floor
configure:18251: g++ -o conftest -msse2 -mfpmath=sse -std=c++11 -O2 -DNDEBUG    -L/usr/local/lib conftest.cpp  >&5
configure:18251: $? = 0
configure:18251: result: yes
configure:18251: checking for getcwd
configure:18251: g++ -o conftest -msse2 -mfpmath=sse -std=c++11 -O2 -DNDEBUG    -L/usr/local/lib conftest.cpp  >&5
configure:18251: $? = 0
configure:18251: result: yes
configure:18251: checking for gettimeofday
configure:18251: g++ -o conftest -msse2 -mfpmath=sse -std=c++11 -O2 -DNDEBUG    -L/usr/local/lib conftest.cpp  >&5
configure:18251: $? = 0
configure:18251: result: yes
configure:18251: checking for memset
configure:18251: g++ -o conftest -msse2 -mfpmath=sse -std=c++11 -O2 -DNDEBUG    -L/usr/local/lib conftest.cpp  >&5
configure:18251: $? = 0
configure:18251: result: yes
configure:18251: checking for pow
configure:18251: g++ -o conftest -msse2 -mfpmath=sse -std=c++11 -O2 -DNDEBUG    -L/usr/local/lib conftest.cpp  >&5
configure:18251: $? = 0
configure:18251: result: yes
configure:18251: checking for select
configure:18251: g++ -o conftest -msse2 -mfpmath=sse -std=c++11 -O2 -DNDEBUG    -L/usr/local/lib conftest.cpp  >&5
configure:18251: $? = 0
configure:18251: result: yes
configure:18251: checking for socket
configure:18251: g++ -o conftest -msse2 -mfpmath=sse -std=c++11 -O2 -DNDEBUG    -L/usr/local/lib conftest.cpp  >&5
configure:18251: $? = 0
configure:18251: result: yes
configure:18251: checking for sqrt
configure:18251: g++ -o conftest -msse2 -mfpmath=sse -std=c++11 -O2 -DNDEBUG    -L/usr/local/lib conftest.cpp  >&5
configure:18251: $? = 0
configure:18251: result: yes
configure:18373: checking that generated files are newer than configure
configure:18379: result: done
configure:18418: creating ./config.status

## ---------------------- ##
## Running config.status. ##
## ---------------------- ##

This file was extended by sumo config.status 1.1.0, which was
generated by GNU Autoconf 2.69.  Invocation command line was

  CONFIG_FILES    = 
  CONFIG_HEADERS  = 
  CONFIG_LINKS    = 
  CONFIG_COMMANDS = 
  $ ./config.status 

on sv870169lx

config.status:1297: creating src/Makefile
config.status:1297: creating src/activitygen/Makefile
config.status:1297: creating src/activitygen/activities/Makefile
config.status:1297: creating src/activitygen/city/Makefile
config.status:1297: creating src/foreign/Makefile
config.status:1297: creating src/foreign/eulerspiral/Makefile
config.status:1297: creating src/foreign/fontstash/Makefile
config.status:1297: creating src/foreign/PHEMlight/Makefile
config.status:1297: creating src/foreign/PHEMlight/cpp/Makefile
config.status:1297: creating src/foreign/rtree/Makefile
config.status:1297: creating src/foreign/tcpip/Makefile
config.status:1297: creating src/gui/Makefile
config.status:1297: creating src/gui/dialogs/Makefile
config.status:1297: creating src/guinetload/Makefile
config.status:1297: creating src/guisim/Makefile
config.status:1297: creating src/microsim/Makefile
config.status:1297: creating src/microsim/actions/Makefile
config.status:1297: creating src/microsim/cfmodels/Makefile
config.status:1297: creating src/microsim/devices/Makefile
config.status:1297: creating src/microsim/lcmodels/Makefile
config.status:1297: creating src/microsim/logging/Makefile
config.status:1297: creating src/microsim/output/Makefile
config.status:1297: creating src/microsim/pedestrians/Makefile
config.status:1297: creating src/microsim/traffic_lights/Makefile
config.status:1297: creating src/microsim/trigger/Makefile
config.status:1297: creating src/marouter/Makefile
config.status:1297: creating src/netbuild/Makefile
config.status:1297: creating src/netedit/additionals/Makefile
config.status:1297: creating src/netedit/changes/Makefile
config.status:1297: creating src/netedit/dialogs/Makefile
config.status:1297: creating src/netedit/frames/Makefile
config.status:1297: creating src/netedit/netelements/Makefile
config.status:1297: creating src/netedit/Makefile
config.status:1297: creating src/mesogui/Makefile
config.status:1297: creating src/mesosim/Makefile
config.status:1297: creating src/osgview/Makefile
config.status:1297: creating src/netgen/Makefile
config.status:1297: creating src/netimport/Makefile
config.status:1297: creating src/netimport/vissim/Makefile
config.status:1297: creating src/netimport/vissim/tempstructs/Makefile
config.status:1297: creating src/netimport/vissim/typeloader/Makefile
config.status:1297: creating src/netload/Makefile
config.status:1297: creating src/netwrite/Makefile
config.status:1297: creating src/od/Makefile
config.status:1297: creating src/polyconvert/Makefile
config.status:1297: creating src/router/Makefile
config.status:1297: creating src/dfrouter/Makefile
config.status:1297: creating src/duarouter/Makefile
config.status:1297: creating src/jtrrouter/Makefile
config.status:1297: creating src/tools/Makefile
config.status:1297: creating src/traci_testclient/Makefile
config.status:1297: creating src/traci-server/Makefile
config.status:1297: creating src/libsumo/Makefile
config.status:1297: creating src/utils/Makefile
config.status:1297: creating src/utils/common/Makefile
config.status:1297: creating src/utils/distribution/Makefile
config.status:1297: creating src/utils/emissions/Makefile
config.status:1297: creating src/utils/foxtools/Makefile
config.status:1297: creating src/utils/geom/Makefile
config.status:1297: creating src/utils/gui/Makefile
config.status:1297: creating src/utils/gui/div/Makefile
config.status:1297: creating src/utils/gui/events/Makefile
config.status:1297: creating src/utils/gui/globjects/Makefile
config.status:1297: creating src/utils/gui/images/Makefile
config.status:1297: creating src/utils/gui/cursors/Makefile
config.status:1297: creating src/utils/gui/settings/Makefile
config.status:1297: creating src/utils/gui/tracker/Makefile
config.status:1297: creating src/utils/gui/windows/Makefile
config.status:1297: creating src/utils/importio/Makefile
config.status:1297: creating src/utils/iodevices/Makefile
config.status:1297: creating src/utils/options/Makefile
config.status:1297: creating src/utils/shapes/Makefile
config.status:1297: creating src/utils/traci/Makefile
config.status:1297: creating src/utils/vehicle/Makefile
config.status:1297: creating src/utils/xml/Makefile
config.status:1297: creating unittest/Makefile
config.status:1297: creating unittest/src/Makefile
config.status:1297: creating unittest/src/microsim/Makefile
config.status:1297: creating unittest/src/netbuild/Makefile
config.status:1297: creating unittest/src/utils/Makefile
config.status:1297: creating unittest/src/utils/common/Makefile
config.status:1297: creating unittest/src/utils/foxtools/Makefile
config.status:1297: creating unittest/src/utils/geom/Makefile
config.status:1297: creating unittest/src/utils/iodevices/Makefile
config.status:1297: creating bin/Makefile
config.status:1297: creating Makefile
config.status:1297: creating src/config.h
config.status:1526: executing depfiles commands
config.status:1526: executing libtool commands
configure:20912: result: 
configure:20914: result: Optional features summary
configure:20916: result: -------------------------
configure:20918: result: Enabled: GDAL
configure:20920: result: Disabled: Debug Profiling Coverage PIC PROJ GUI UnitTests Python OSG ffmpeg

## ---------------- ##
## Cache variables. ##
## ---------------- ##

ac_cv_build=x86_64-pc-linux-gnu
ac_cv_c_compiler_gnu=yes
ac_cv_c_const=yes
ac_cv_c_inline=inline
ac_cv_c_volatile=yes
ac_cv_cxx_compiler_gnu=yes
ac_cv_env_CCC_set=
ac_cv_env_CCC_value=
ac_cv_env_CC_set=
ac_cv_env_CC_value=
ac_cv_env_CFLAGS_set=
ac_cv_env_CFLAGS_value=
ac_cv_env_CPPFLAGS_set=
ac_cv_env_CPPFLAGS_value=
ac_cv_env_CPP_set=
ac_cv_env_CPP_value=
ac_cv_env_CXXCPP_set=
ac_cv_env_CXXCPP_value=
ac_cv_env_CXXFLAGS_set=
ac_cv_env_CXXFLAGS_value=
ac_cv_env_CXX_set=
ac_cv_env_CXX_value=
ac_cv_env_LDFLAGS_set=
ac_cv_env_LDFLAGS_value=
ac_cv_env_LIBS_set=
ac_cv_env_LIBS_value=
ac_cv_env_LT_SYS_LIBRARY_PATH_set=
ac_cv_env_LT_SYS_LIBRARY_PATH_value=
ac_cv_env_PKG_CONFIG_LIBDIR_set=
ac_cv_env_PKG_CONFIG_LIBDIR_value=
ac_cv_env_PKG_CONFIG_PATH_set=set
ac_cv_env_PKG_CONFIG_PATH_value=/home/pxu/honda_research/ros_ws/devel/lib/pkgconfig:/opt/ros/kinetic/lib/pkgconfig:/opt/ros/kinetic/lib/x86_64-linux-gnu/pkgconfig
ac_cv_env_PKG_CONFIG_set=
ac_cv_env_PKG_CONFIG_value=
ac_cv_env_XERCES_CFLAGS_set=
ac_cv_env_XERCES_CFLAGS_value=
ac_cv_env_XERCES_LIBS_set=
ac_cv_env_XERCES_LIBS_value=
ac_cv_env_build_alias_set=
ac_cv_env_build_alias_value=
ac_cv_env_host_alias_set=
ac_cv_env_host_alias_value=
ac_cv_env_target_alias_set=
ac_cv_env_target_alias_value=
ac_cv_func_alloca_works=yes
ac_cv_func_floor=yes
ac_cv_func_getcwd=yes
ac_cv_func_gettimeofday=yes
ac_cv_func_lstat_dereferences_slashed_symlink=yes
ac_cv_func_memset=yes
ac_cv_func_pow=yes
ac_cv_func_select=yes
ac_cv_func_select_args='int,fd_set *,struct timeval *'
ac_cv_func_socket=yes
ac_cv_func_sqrt=yes
ac_cv_func_stat_empty_string_bug=no
ac_cv_header_dlfcn_h=yes
ac_cv_header_float_h=yes
ac_cv_header_inttypes_h=yes
ac_cv_header_limits_h=yes
ac_cv_header_malloc_h=yes
ac_cv_header_math_h=yes
ac_cv_header_memory_h=yes
ac_cv_header_ogr_api_h=yes
ac_cv_header_proj_api_h=no
ac_cv_header_stdbool_h=no
ac_cv_header_stdc=no
ac_cv_header_stddef_h=yes
ac_cv_header_stdint_h=yes
ac_cv_header_stdlib_h=yes
ac_cv_header_string_h=yes
ac_cv_header_strings_h=yes
ac_cv_header_sys_select_h=yes
ac_cv_header_sys_socket_h=yes
ac_cv_header_sys_stat_h=yes
ac_cv_header_sys_time_h=yes
ac_cv_header_sys_types_h=yes
ac_cv_header_time=yes
ac_cv_header_unistd_h=yes
ac_cv_header_wchar_h=yes
ac_cv_header_xercesc_util_XercesVersion_hpp=yes
ac_cv_host=x86_64-pc-linux-gnu
ac_cv_lib_error_at_line=yes
ac_cv_lib_proj_main=no
ac_cv_lib_xerces_c___main=yes
ac_cv_objext=o
ac_cv_path_EGREP='/bin/grep -E'
ac_cv_path_FGREP='/bin/grep -F'
ac_cv_path_GDAL_CONFIG=/usr/bin/gdal-config
ac_cv_path_GREP=/bin/grep
ac_cv_path_SED=/bin/sed
ac_cv_path_ac_pt_PKG_CONFIG=/usr/bin/pkg-config
ac_cv_path_install='/usr/bin/install -c'
ac_cv_path_lt_DD=/bin/dd
ac_cv_path_mkdir=/bin/mkdir
ac_cv_prog_AWK=mawk
ac_cv_prog_CPP='gcc -E'
ac_cv_prog_CXXCPP='g++ -E'
ac_cv_prog_ac_ct_AR=ar
ac_cv_prog_ac_ct_CC=gcc
ac_cv_prog_ac_ct_CXX=g++
ac_cv_prog_ac_ct_MANIFEST_TOOL=mt
ac_cv_prog_ac_ct_OBJDUMP=objdump
ac_cv_prog_ac_ct_RANLIB=ranlib
ac_cv_prog_ac_ct_STRIP=strip
ac_cv_prog_cc_c89=
ac_cv_prog_cc_g=yes
ac_cv_prog_cxx_g=yes
ac_cv_prog_make_make_set=yes
ac_cv_struct_tm=time.h
ac_cv_target=x86_64-pc-linux-gnu
ac_cv_type__Bool=no
ac_cv_type_signal=void
ac_cv_type_size_t=yes
ac_cv_working_alloca_h=yes
am_cv_CC_dependencies_compiler_type=gcc3
am_cv_CXX_dependencies_compiler_type=gcc3
am_cv_make_support_nested_variables=yes
am_cv_prog_cc_c_o=yes
am_cv_prog_tar_ustar=gnutar
lt_cv_ar_at_file=@
lt_cv_archive_cmds_need_lc=no
lt_cv_deplibs_check_method=pass_all
lt_cv_file_magic_cmd='$MAGIC_CMD'
lt_cv_file_magic_test_file=
lt_cv_ld_reload_flag=-r
lt_cv_nm_interface='BSD nm'
lt_cv_objdir=.libs
lt_cv_path_LD=/usr/bin/ld
lt_cv_path_LDCXX='/usr/bin/ld -m elf_x86_64'
lt_cv_path_NM='/usr/bin/nm -B'
lt_cv_path_mainfest_tool=no
lt_cv_prog_compiler_c_o=yes
lt_cv_prog_compiler_c_o_CXX=yes
lt_cv_prog_compiler_pic='-fPIC -DPIC'
lt_cv_prog_compiler_pic_CXX='-fPIC -DPIC'
lt_cv_prog_compiler_pic_works=yes
lt_cv_prog_compiler_pic_works_CXX=yes
lt_cv_prog_compiler_rtti_exceptions=no
lt_cv_prog_compiler_static_works=yes
lt_cv_prog_compiler_static_works_CXX=yes
lt_cv_prog_gnu_ld=yes
lt_cv_prog_gnu_ldcxx=yes
lt_cv_sharedlib_from_linklib_cmd='printf %s\n'
lt_cv_shlibpath_overrides_runpath=no
lt_cv_sys_global_symbol_pipe='sed -n -e '\''s/^.*[	 ]\([ABCDGIRSTW][ABCDGIRSTW]*\)[	 ][	 ]*\([_A-Za-z][_A-Za-z0-9]*\)$/\1 \2 \2/p'\'' | sed '\''/ __gnu_lto/d'\'''
lt_cv_sys_global_symbol_to_c_name_address='sed -n -e '\''s/^: \(.*\) .*$/  {"\1", (void *) 0},/p'\'' -e '\''s/^[ABCDGIRSTW][ABCDGIRSTW]* .* \(.*\)$/  {"\1", (void *) \&\1},/p'\'''
lt_cv_sys_global_symbol_to_c_name_address_lib_prefix='sed -n -e '\''s/^: \(.*\) .*$/  {"\1", (void *) 0},/p'\'' -e '\''s/^[ABCDGIRSTW][ABCDGIRSTW]* .* \(lib.*\)$/  {"\1", (void *) \&\1},/p'\'' -e '\''s/^[ABCDGIRSTW][ABCDGIRSTW]* .* \(.*\)$/  {"lib\1", (void *) \&\1},/p'\'''
lt_cv_sys_global_symbol_to_cdecl='sed -n -e '\''s/^T .* \(.*\)$/extern int \1();/p'\'' -e '\''s/^[ABCDGIRSTW][ABCDGIRSTW]* .* \(.*\)$/extern char \1;/p'\'''
lt_cv_sys_global_symbol_to_import=
lt_cv_sys_max_cmd_len=1572864
lt_cv_to_host_file_cmd=func_convert_file_noop
lt_cv_to_tool_file_cmd=func_convert_file_noop
lt_cv_truncate_bin='/bin/dd bs=4096 count=1'
pkg_cv_XERCES_CFLAGS=' '
pkg_cv_XERCES_LIBS='-lxerces-c  '

## ----------------- ##
## Output variables. ##
## ----------------- ##

ACLOCAL='${SHELL} /home/pxu/honda_research/sumo-sim/sumo-1.1.0/missing aclocal-1.15'
ALLOCA=''
AMDEPBACKSLASH='\'
AMDEP_FALSE='#'
AMDEP_TRUE=''
AMTAR='$${TAR-tar}'
AM_BACKSLASH='\'
AM_CPPFLAGS='-I/home/pxu/honda_research/sumo-sim/sumo-1.1.0/./src -I/usr/include/gdal  -I/usr/local/include -I/usr/include '
AM_CXXFLAGS=''
AM_DEFAULT_V='$(AM_DEFAULT_VERBOSITY)'
AM_DEFAULT_VERBOSITY='1'
AM_V='$(V)'
AR='ar'
ARFLAGS='cr'
AR_FLAGS='cr'
AUTOCONF='${SHELL} /home/pxu/honda_research/sumo-sim/sumo-1.1.0/missing autoconf'
AUTOHEADER='${SHELL} /home/pxu/honda_research/sumo-sim/sumo-1.1.0/missing autoheader'
AUTOMAKE='${SHELL} /home/pxu/honda_research/sumo-sim/sumo-1.1.0/missing automake-1.15'
AWK='mawk'
CC='gcc'
CCDEPMODE='depmode=gcc3'
CFLAGS='-g -O2'
CPP='gcc -E'
CPPFLAGS=''
CXX='g++'
CXXCPP='g++ -E'
CXXDEPMODE='depmode=gcc3'
CXXFLAGS='-msse2 -mfpmath=sse -std=c++11 -O2 -DNDEBUG '
CYGPATH_W='echo'
DEFS='-DHAVE_CONFIG_H'
DEPDIR='.deps'
DLLTOOL='false'
DSYMUTIL=''
DUMPBIN=''
ECHO_C=''
ECHO_N='-n'
ECHO_T=''
EGREP='/bin/grep -E'
EXEEXT=''
FFMPEG_LIBS=''
FGREP='/bin/grep -F'
FOX_CONFIG=''
FOX_LDFLAGS=''
GDAL_CONFIG='/usr/bin/gdal-config'
GDAL_LDFLAGS='-L/usr/lib -lgdal'
GREP='/bin/grep'
GTEST_CONFIG=''
GTEST_LDFLAGS=''
INSTALL_DATA='${INSTALL} -m 644'
INSTALL_PROGRAM='${INSTALL}'
INSTALL_SCRIPT='${INSTALL}'
INSTALL_STRIP_PROGRAM='$(install_sh) -c -s'
LD='/usr/bin/ld -m elf_x86_64'
LDFLAGS=' -L/usr/local/lib'
LIBOBJS=''
LIBS=''
LIBTOOL='$(SHELL) $(top_builddir)/libtool'
LIB_XERCES='xerces-c'
LIPO=''
LN_S='ln -s'
LTLIBOBJS=''
LT_SYS_LIBRARY_PATH=''
MAKEINFO='${SHELL} /home/pxu/honda_research/sumo-sim/sumo-1.1.0/missing makeinfo'
MANIFEST_TOOL=':'
MKDIR_P='/bin/mkdir -p'
NM='/usr/bin/nm -B'
NMEDIT=''
OBJDUMP='objdump'
OBJEXT='o'
OSG_LIBS=''
OTOOL64=''
OTOOL=''
PACKAGE='sumo'
PACKAGE_BUGREPORT=''
PACKAGE_NAME='sumo'
PACKAGE_STRING='sumo 1.1.0'
PACKAGE_TARNAME='sumo'
PACKAGE_URL=''
PACKAGE_VERSION='1.1.0'
PATH_SEPARATOR=':'
PKG_CONFIG='/usr/bin/pkg-config'
PKG_CONFIG_LIBDIR=''
PKG_CONFIG_PATH='/home/pxu/honda_research/ros_ws/devel/lib/pkgconfig:/opt/ros/kinetic/lib/pkgconfig:/opt/ros/kinetic/lib/x86_64-linux-gnu/pkgconfig'
PROJ_LDFLAGS=''
PYTHON_LIBS=''
RANLIB='ranlib'
SED='/bin/sed'
SET_MAKE=''
SHELL='/bin/bash'
STRIP='strip'
VERSION='1.1.0'
WITH_GTEST_FALSE=''
WITH_GTEST_TRUE='#'
WITH_GUI_FALSE=''
WITH_GUI_TRUE='#'
WITH_VERSION_H_FALSE=''
WITH_VERSION_H_TRUE='#'
XERCES_CFLAGS=' '
XERCES_LDFLAGS=''
XERCES_LIBS='-lxerces-c  '
ac_ct_AR='ar'
ac_ct_CC='gcc'
ac_ct_CXX='g++'
ac_ct_DUMPBIN=''
am__EXEEXT_FALSE=''
am__EXEEXT_TRUE='#'
am__fastdepCC_FALSE='#'
am__fastdepCC_TRUE=''
am__fastdepCXX_FALSE='#'
am__fastdepCXX_TRUE=''
am__include='include'
am__isrc=''
am__leading_dot='.'
am__nodep='_no'
am__quote=''
am__tar='tar --format=ustar -chf - "$$tardir"'
am__untar='tar -xf -'
bindir='${exec_prefix}/bin'
build='x86_64-pc-linux-gnu'
build_alias=''
build_cpu='x86_64'
build_os='linux-gnu'
build_vendor='pc'
datadir='${datarootdir}'
datarootdir='${prefix}/share'
docdir='${datarootdir}/doc/${PACKAGE_TARNAME}'
dvidir='${docdir}'
exec_prefix='${prefix}'
host='x86_64-pc-linux-gnu'
host_alias=''
host_cpu='x86_64'
host_os='linux-gnu'
host_vendor='pc'
htmldir='${docdir}'
includedir='${prefix}/include'
infodir='${datarootdir}/info'
install_sh='${SHELL} /home/pxu/honda_research/sumo-sim/sumo-1.1.0/install-sh'
libdir='${exec_prefix}/lib'
libexecdir='${exec_prefix}/libexec'
localedir='${datarootdir}/locale'
localstatedir='${prefix}/var'
mandir='${datarootdir}/man'
mkdir_p='$(MKDIR_P)'
oldincludedir='/usr/include'
pdfdir='${docdir}'
prefix='/usr/local'
program_transform_name='s,x,x,'
psdir='${docdir}'
runstatedir='${localstatedir}/run'
sbindir='${exec_prefix}/sbin'
sharedstatedir='${prefix}/com'
sysconfdir='${prefix}/etc'
target='x86_64-pc-linux-gnu'
target_alias=''
target_cpu='x86_64'
target_os='linux-gnu'
target_vendor='pc'

## ----------- ##
## confdefs.h. ##
## ----------- ##

/* confdefs.h */
#define PACKAGE_NAME "sumo"
#define PACKAGE_TARNAME "sumo"
#define PACKAGE_VERSION "1.1.0"
#define PACKAGE_STRING "sumo 1.1.0"
#define PACKAGE_BUGREPORT ""
#define PACKAGE_URL ""
#define PACKAGE "sumo"
#define VERSION "1.1.0"
#define HAVE_SYS_TYPES_H 1
#define HAVE_SYS_STAT_H 1
#define HAVE_STDLIB_H 1
#define HAVE_STRING_H 1
#define HAVE_MEMORY_H 1
#define HAVE_STRINGS_H 1
#define HAVE_INTTYPES_H 1
#define HAVE_STDINT_H 1
#define HAVE_UNISTD_H 1
#define HAVE_DLFCN_H 1
#define LT_OBJDIR ".libs/"
#define POSITION_EPS 0.1
#define NUMERICAL_EPS 0.001
#define VERSION_STRING "1.1.0"
#define XERCES3_SIZE_t XMLSize_t
#define HAVE_GDAL 1
#define HAVE_ENABLED "x86_64-pc-linux-gnu GDAL"
#define HAVE_ALLOCA_H 1
#define HAVE_ALLOCA 1
#define HAVE_FLOAT_H 1
#define HAVE_LIMITS_H 1
#define HAVE_MALLOC_H 1
#define HAVE_MATH_H 1
#define HAVE_STDDEF_H 1
#define HAVE_STDLIB_H 1
#define HAVE_STRING_H 1
#define HAVE_SYS_TIME_H 1
#define HAVE_UNISTD_H 1
#define HAVE_WCHAR_H 1
#define TIME_WITH_SYS_TIME 1
#define HAVE_SYS_SELECT_H 1
#define HAVE_SYS_SOCKET_H 1
#define SELECT_TYPE_ARG1 int
#define SELECT_TYPE_ARG234 (fd_set *)
#define SELECT_TYPE_ARG5 (struct timeval *)
#define RETSIGTYPE void
#define LSTAT_FOLLOWS_SLASHED_SYMLINK 1
#define HAVE_FLOOR 1
#define HAVE_GETCWD 1
#define HAVE_GETTIMEOFDAY 1
#define HAVE_MEMSET 1
#define HAVE_POW 1
#define HAVE_SELECT 1
#define HAVE_SOCKET 1
#define HAVE_SQRT 1

configure: exit 0
